<?xml version="1.0" encoding="UTF-8"?>
<!-- Generated by org.testng.reporters.JUnitReportReporter -->
<testsuite skipped="0" hostname="DESKTOP-N308L1J" name="test.AddCustomerTest" tests="1" failures="0" timestamp="18 Jul 2021 17:44:39 GMT" time="29.780" errors="0">
  <testcase name="validUserShouldBeAbleToAddCustomerFromListCustomer" time="29.780" classname="test.AddCustomerTest"/>
</testsuite> <!-- test.AddCustomerTest -->
