<?xml version="1.0" encoding="UTF-8"?>
<!-- Generated by org.testng.reporters.JUnitReportReporter -->
<testsuite skipped="0" hostname="DESKTOP-N308L1J" name="test.LoginTest" tests="1" failures="0" timestamp="18 Jul 2021 16:42:32 GMT" time="11.648" errors="0">
  <testcase name="validUserShouldBeAbleToLogin" time="11.648" classname="test.LoginTest"/>
</testsuite> <!-- test.LoginTest -->
